Performing C SOURCE FILE Test CMAKE_HAVE_LIBC_PTHREAD failed with the following output:
Change Dir: /home/arpan/Documents/Hello-World/build/CMakeFiles/CMakeTmp

Run Build Command(s):/usr/bin/make cmTC_283b4/fast && /usr/bin/make  -f CMakeFiles/cmTC_283b4.dir/build.make CMakeFiles/cmTC_283b4.dir/build
make[1]: Entering directory '/home/arpan/Documents/Hello-World/build/CMakeFiles/CMakeTmp'
Building C object CMakeFiles/cmTC_283b4.dir/src.c.o
/usr/bin/cc -DCMAKE_HAVE_LIBC_PTHREAD   -o CMakeFiles/cmTC_283b4.dir/src.c.o -c /home/arpan/Documents/Hello-World/build/CMakeFiles/CMakeTmp/src.c
Linking C executable cmTC_283b4
/usr/bin/cmake -E cmake_link_script CMakeFiles/cmTC_283b4.dir/link.txt --verbose=1
/usr/bin/cc CMakeFiles/cmTC_283b4.dir/src.c.o -o cmTC_283b4 
/usr/bin/ld: CMakeFiles/cmTC_283b4.dir/src.c.o: in function `main':
src.c:(.text+0x3e): undefined reference to `pthread_create'
/usr/bin/ld: src.c:(.text+0x4a): undefined reference to `pthread_detach'
/usr/bin/ld: src.c:(.text+0x56): undefined reference to `pthread_cancel'
/usr/bin/ld: src.c:(.text+0x67): undefined reference to `pthread_join'
collect2: error: ld returned 1 exit status
make[1]: *** [CMakeFiles/cmTC_283b4.dir/build.make:106: cmTC_283b4] Error 1
make[1]: Leaving directory '/home/arpan/Documents/Hello-World/build/CMakeFiles/CMakeTmp'
make: *** [Makefile:140: cmTC_283b4/fast] Error 2


Source file was:
#include <pthread.h>

static void* test_func(void* data)
{
  return data;
}

int main(void)
{
  pthread_t thread;
  pthread_create(&thread, NULL, test_func, NULL);
  pthread_detach(thread);
  pthread_cancel(thread);
  pthread_join(thread, NULL);
  pthread_atfork(NULL, NULL, NULL);
  pthread_exit(NULL);

  return 0;
}

Determining if the function pthread_create exists in the pthreads failed with the following output:
Change Dir: /home/arpan/Documents/Hello-World/build/CMakeFiles/CMakeTmp

Run Build Command(s):/usr/bin/make cmTC_7e357/fast && /usr/bin/make  -f CMakeFiles/cmTC_7e357.dir/build.make CMakeFiles/cmTC_7e357.dir/build
make[1]: Entering directory '/home/arpan/Documents/Hello-World/build/CMakeFiles/CMakeTmp'
Building C object CMakeFiles/cmTC_7e357.dir/CheckFunctionExists.c.o
/usr/bin/cc   -DCHECK_FUNCTION_EXISTS=pthread_create -o CMakeFiles/cmTC_7e357.dir/CheckFunctionExists.c.o -c /usr/share/cmake-3.19/Modules/CheckFunctionExists.c
Linking C executable cmTC_7e357
/usr/bin/cmake -E cmake_link_script CMakeFiles/cmTC_7e357.dir/link.txt --verbose=1
/usr/bin/cc  -DCHECK_FUNCTION_EXISTS=pthread_create CMakeFiles/cmTC_7e357.dir/CheckFunctionExists.c.o -o cmTC_7e357  -lpthreads 
/usr/bin/ld: cannot find -lpthreads
collect2: error: ld returned 1 exit status
make[1]: *** [CMakeFiles/cmTC_7e357.dir/build.make:106: cmTC_7e357] Error 1
make[1]: Leaving directory '/home/arpan/Documents/Hello-World/build/CMakeFiles/CMakeTmp'
make: *** [Makefile:140: cmTC_7e357/fast] Error 2



Performing C SOURCE FILE Test CMAKE_HAVE_LIBC_PTHREAD failed with the following output:
Change Dir: /home/arpan/Documents/ComputerGraphics/Dodecahedrons/build/CMakeFiles/CMakeTmp

Run Build Command(s):/usr/bin/make cmTC_ca69c/fast && /usr/bin/make  -f CMakeFiles/cmTC_ca69c.dir/build.make CMakeFiles/cmTC_ca69c.dir/build
make[1]: Entering directory '/home/arpan/Documents/ComputerGraphics/Dodecahedrons/build/CMakeFiles/CMakeTmp'
Building C object CMakeFiles/cmTC_ca69c.dir/src.c.o
/usr/bin/cc -DCMAKE_HAVE_LIBC_PTHREAD   -o CMakeFiles/cmTC_ca69c.dir/src.c.o -c /home/arpan/Documents/ComputerGraphics/Dodecahedrons/build/CMakeFiles/CMakeTmp/src.c
Linking C executable cmTC_ca69c
/usr/bin/cmake -E cmake_link_script CMakeFiles/cmTC_ca69c.dir/link.txt --verbose=1
/usr/bin/cc CMakeFiles/cmTC_ca69c.dir/src.c.o -o cmTC_ca69c 
/usr/bin/ld: CMakeFiles/cmTC_ca69c.dir/src.c.o: in function `main':
src.c:(.text+0x3e): undefined reference to `pthread_create'
/usr/bin/ld: src.c:(.text+0x4a): undefined reference to `pthread_detach'
/usr/bin/ld: src.c:(.text+0x56): undefined reference to `pthread_cancel'
/usr/bin/ld: src.c:(.text+0x67): undefined reference to `pthread_join'
collect2: error: ld returned 1 exit status
make[1]: *** [CMakeFiles/cmTC_ca69c.dir/build.make:106: cmTC_ca69c] Error 1
make[1]: Leaving directory '/home/arpan/Documents/ComputerGraphics/Dodecahedrons/build/CMakeFiles/CMakeTmp'
make: *** [Makefile:140: cmTC_ca69c/fast] Error 2


Source file was:
#include <pthread.h>

static void* test_func(void* data)
{
  return data;
}

int main(void)
{
  pthread_t thread;
  pthread_create(&thread, NULL, test_func, NULL);
  pthread_detach(thread);
  pthread_cancel(thread);
  pthread_join(thread, NULL);
  pthread_atfork(NULL, NULL, NULL);
  pthread_exit(NULL);

  return 0;
}

Determining if the function pthread_create exists in the pthreads failed with the following output:
Change Dir: /home/arpan/Documents/ComputerGraphics/Dodecahedrons/build/CMakeFiles/CMakeTmp

Run Build Command(s):/usr/bin/make cmTC_7aa3b/fast && /usr/bin/make  -f CMakeFiles/cmTC_7aa3b.dir/build.make CMakeFiles/cmTC_7aa3b.dir/build
make[1]: Entering directory '/home/arpan/Documents/ComputerGraphics/Dodecahedrons/build/CMakeFiles/CMakeTmp'
Building C object CMakeFiles/cmTC_7aa3b.dir/CheckFunctionExists.c.o
/usr/bin/cc   -DCHECK_FUNCTION_EXISTS=pthread_create -o CMakeFiles/cmTC_7aa3b.dir/CheckFunctionExists.c.o -c /usr/share/cmake-3.19/Modules/CheckFunctionExists.c
Linking C executable cmTC_7aa3b
/usr/bin/cmake -E cmake_link_script CMakeFiles/cmTC_7aa3b.dir/link.txt --verbose=1
/usr/bin/cc  -DCHECK_FUNCTION_EXISTS=pthread_create CMakeFiles/cmTC_7aa3b.dir/CheckFunctionExists.c.o -o cmTC_7aa3b  -lpthreads 
/usr/bin/ld: cannot find -lpthreads
collect2: error: ld returned 1 exit status
make[1]: *** [CMakeFiles/cmTC_7aa3b.dir/build.make:106: cmTC_7aa3b] Error 1
make[1]: Leaving directory '/home/arpan/Documents/ComputerGraphics/Dodecahedrons/build/CMakeFiles/CMakeTmp'
make: *** [Makefile:140: cmTC_7aa3b/fast] Error 2



